2025-05-21 09:39:39 - scaling_verifier - INFO - Scaling verification tool initialized
2025-05-21 09:39:39 - scaling_verifier - INFO - Log file: C:\Development\Projects\TrajectoLab_radau\scaling_logs\scaling_verification_20250521_093939.log
2025-05-21 09:39:39 - scaling_verifier - INFO - Results file: C:\Development\Projects\TrajectoLab_radau\scaling_logs\scaling_verification_results_20250521_093939.txt
2025-05-21 09:39:39 - scaling_verifier - INFO - Starting all scaling verification tests...
2025-05-21 09:39:39 - scaling_verifier - INFO - Running basic scaling test...
2025-05-21 09:39:39 - trajectolab.scaling - INFO - Scaling system initialized with enabled=True
2025-05-21 09:39:39 - trajectolab.scaling - INFO - Scaling system initialized with enabled=False
2025-05-21 09:39:39 - trajectolab.problem - INFO - Creating problem 'Test1'
2025-05-21 09:39:39 - trajectolab.scaling - INFO - Scaling system initialized with enabled=True
2025-05-21 09:39:39 - trajectolab.problem - INFO - Scaling initialized with enabled=True
2025-05-21 09:39:39 - trajectolab.problem - INFO - Creating problem 'Test2'
2025-05-21 09:39:39 - trajectolab.scaling - INFO - Scaling system initialized with enabled=False
2025-05-21 09:39:39 - trajectolab.problem - INFO - Scaling initialized with enabled=False
2025-05-21 09:39:39 - trajectolab.scaling - INFO - Scaling enabled set to: False
2025-05-21 09:39:39 - trajectolab.scaling - INFO - Reset 0 state and 0 control scaling factors to defaults
2025-05-21 09:39:39 - trajectolab.problem - INFO - Scaling enabled changed: True -> False
2025-05-21 09:39:39 - trajectolab.scaling - INFO - Scaling enabled set to: True
2025-05-21 09:39:39 - trajectolab.problem - INFO - Scaling enabled changed: False -> True
2025-05-21 09:39:39 - trajectolab.scaling - INFO - Scaling enabled set to: True
2025-05-21 09:39:39 - trajectolab.problem - INFO - Scaling enabled changed: False -> True
2025-05-21 09:39:39 - scaling_verifier - INFO - Test basic_scaling_test: PASSED - All basic scaling checks passed
2025-05-21 09:39:39 - scaling_verifier - INFO - Running scaling factor calculation test...
2025-05-21 09:39:39 - trajectolab.scaling - INFO - Scaling system initialized with enabled=True
2025-05-21 09:39:39 - trajectolab.scaling - INFO - Computing scaling factors
2025-05-21 09:39:39 - trajectolab.scaling - INFO - Computing state variable scaling factors:
2025-05-21 09:39:39 - trajectolab.scaling - INFO -   State x: Using bounds for scaling (Rule 2a)
2025-05-21 09:39:39 - trajectolab.scaling - INFO -     Range: [0.0, 10.0], factor=0.1, shift=-0.5
2025-05-21 09:39:39 - trajectolab.scaling - INFO -   State y: Using bounds for scaling (Rule 2a)
2025-05-21 09:39:39 - trajectolab.scaling - INFO -     Range: [-5.0, 5.0], factor=0.1, shift=0
2025-05-21 09:39:39 - trajectolab.scaling - INFO -   State z: Using bounds for scaling (Rule 2a)
2025-05-21 09:39:39 - trajectolab.scaling - INFO -     Range: [100.0, 1000.0], factor=0.00111111, shift=-0.611111
2025-05-21 09:39:39 - trajectolab.scaling - INFO - Scaling system initialized with enabled=True
2025-05-21 09:39:39 - trajectolab.scaling - INFO - Computing scaling factors
2025-05-21 09:39:39 - trajectolab.scaling - INFO - Computing state variable scaling factors:
2025-05-21 09:39:39 - trajectolab.scaling - INFO -   State v: Using initial guess for scaling (Rule 2b)
2025-05-21 09:39:39 - trajectolab.scaling - INFO -     Guess range: [0, 10]
2025-05-21 09:39:39 - trajectolab.scaling - INFO -     Calculated with 10% margin: factor=0.0833333, shift=-0.416667
2025-05-21 09:39:39 - trajectolab.scaling - INFO -     NOTE: Velocity scaling - manual v_scale=1e4, auto=12
2025-05-21 09:39:39 - trajectolab.scaling - INFO - Scaling system initialized with enabled=False
2025-05-21 09:39:39 - trajectolab.scaling - INFO - Scaling is disabled - skipping factor computation
2025-05-21 09:39:39 - trajectolab.scaling - INFO - Scaling system initialized with enabled=True
2025-05-21 09:39:39 - trajectolab.scaling - INFO - Computing scaling factors
2025-05-21 09:39:39 - trajectolab.scaling - INFO - Computing state variable scaling factors:
2025-05-21 09:39:39 - trajectolab.scaling - INFO -   State altitude: Using bounds for scaling (Rule 2a)
2025-05-21 09:39:39 - trajectolab.scaling - INFO -     Range: [0.0, 260000.0], factor=3.84615e-06, shift=-0.5
2025-05-21 09:39:39 - trajectolab.scaling - INFO -   State velocity: Using bounds for scaling (Rule 2a)
2025-05-21 09:39:39 - trajectolab.scaling - INFO -     Range: [0.0, 25600.0], factor=3.90625e-05, shift=-0.5
2025-05-21 09:39:39 - scaling_verifier - INFO - Test factor_calculation_test: PASSED - All factor calculation checks passed
2025-05-21 09:39:39 - scaling_verifier - INFO - Running problem solve test with scaling...
2025-05-21 09:39:39 - trajectolab.problem - INFO - Creating problem 'Scaling Verification Problem'
2025-05-21 09:39:39 - trajectolab.scaling - INFO - Scaling system initialized with enabled=True
2025-05-21 09:39:39 - trajectolab.problem - INFO - Scaling initialized with enabled=True
2025-05-21 09:39:39 - trajectolab.scaling - INFO - Scaling enabled set to: True
2025-05-21 09:39:39 - trajectolab.scaling - INFO - Computing scaling factors from problem 'Scaling Verification Problem'
2025-05-21 09:39:39 - trajectolab.scaling - INFO - Computing scaling factors
2025-05-21 09:39:39 - trajectolab.scaling - INFO - Computing state variable scaling factors:
2025-05-21 09:39:39 - trajectolab.scaling - INFO -   State h: Using initial guess for scaling (Rule 2b)
2025-05-21 09:39:39 - trajectolab.scaling - INFO -     Guess range: [80000, 260000]
2025-05-21 09:39:39 - trajectolab.scaling - INFO -     Calculated with 10% margin: factor=4.62963e-06, shift=-0.787037
2025-05-21 09:39:39 - trajectolab.scaling - INFO -     NOTE: Altitude scaling - manual h_scale=1e5, auto=216000
2025-05-21 09:39:39 - trajectolab.scaling - INFO -   State v: Using initial guess for scaling (Rule 2b)
2025-05-21 09:39:39 - trajectolab.scaling - INFO -     Guess range: [2500, 25600]
2025-05-21 09:39:39 - trajectolab.scaling - INFO -     Calculated with 10% margin: factor=3.6075e-05, shift=-0.506854
2025-05-21 09:39:39 - trajectolab.scaling - INFO -     NOTE: Velocity scaling - manual v_scale=1e4, auto=27720
2025-05-21 09:39:39 - trajectolab.scaling - INFO -   State gamma: Using initial guess for scaling (Rule 2b)
2025-05-21 09:39:39 - trajectolab.scaling - INFO -     Guess range: [-0.1, -0.01]
2025-05-21 09:39:39 - trajectolab.scaling - INFO -     Calculated with 10% margin: factor=9.25926, shift=0.509259
2025-05-21 09:39:39 - trajectolab.scaling - INFO - Computing control variable scaling factors:
2025-05-21 09:39:39 - trajectolab.scaling - INFO -   Control u: Using bounds, factor=0.5, shift=0
2025-05-21 09:39:40 - trajectolab.scaling - INFO - Scaling enabled set to: False
2025-05-21 09:39:40 - trajectolab.scaling - INFO - Reset 3 state and 1 control scaling factors to defaults
2025-05-21 09:39:40 - trajectolab.problem - INFO - Scaling enabled changed: True -> False
2025-05-21 09:39:40 - scaling_verifier - INFO - Both solutions succeeded: obj diff = 2.7706695689467367
2025-05-21 09:39:40 - scaling_verifier - INFO - Scaled solve time: 0.41s, unscaled: 0.36s
2025-05-21 09:39:40 - scaling_verifier - INFO - Test problem_solve_test: PASSED - Both solutions succeeded with obj diff 2.770670
2025-05-21 09:39:40 - scaling_verifier - INFO - Running solution unscaling test...
2025-05-21 09:39:40 - trajectolab.problem - INFO - Creating problem 'Scaling Verification Problem'
2025-05-21 09:39:40 - trajectolab.scaling - INFO - Scaling system initialized with enabled=True
2025-05-21 09:39:40 - trajectolab.problem - INFO - Scaling initialized with enabled=True
2025-05-21 09:39:40 - trajectolab.scaling - INFO - Scaling enabled set to: True
2025-05-21 09:39:40 - trajectolab.scaling - INFO - Computing scaling factors from problem 'Scaling Verification Problem'
2025-05-21 09:39:40 - trajectolab.scaling - INFO - Computing scaling factors
2025-05-21 09:39:40 - trajectolab.scaling - INFO - Computing state variable scaling factors:
2025-05-21 09:39:40 - trajectolab.scaling - INFO -   State h: Using initial guess for scaling (Rule 2b)
2025-05-21 09:39:40 - trajectolab.scaling - INFO -     Guess range: [80000, 260000]
2025-05-21 09:39:40 - trajectolab.scaling - INFO -     Calculated with 10% margin: factor=4.62963e-06, shift=-0.787037
2025-05-21 09:39:40 - trajectolab.scaling - INFO -     NOTE: Altitude scaling - manual h_scale=1e5, auto=216000
2025-05-21 09:39:40 - trajectolab.scaling - INFO -   State v: Using initial guess for scaling (Rule 2b)
2025-05-21 09:39:40 - trajectolab.scaling - INFO -     Guess range: [2500, 25600]
2025-05-21 09:39:40 - trajectolab.scaling - INFO -     Calculated with 10% margin: factor=3.6075e-05, shift=-0.506854
2025-05-21 09:39:40 - trajectolab.scaling - INFO -     NOTE: Velocity scaling - manual v_scale=1e4, auto=27720
2025-05-21 09:39:40 - trajectolab.scaling - INFO -   State gamma: Using initial guess for scaling (Rule 2b)
2025-05-21 09:39:40 - trajectolab.scaling - INFO -     Guess range: [-0.1, -0.01]
2025-05-21 09:39:40 - trajectolab.scaling - INFO -     Calculated with 10% margin: factor=9.25926, shift=0.509259
2025-05-21 09:39:40 - trajectolab.scaling - INFO - Computing control variable scaling factors:
2025-05-21 09:39:40 - trajectolab.scaling - INFO -   Control u: Using bounds, factor=0.5, shift=0
2025-05-21 09:39:40 - scaling_verifier - INFO - Test solution_unscaling_test: FAILED - Exception: '_Solution' object has no attribute 'states'
2025-05-21 09:39:40 - scaling_verifier - ERROR - Exception in solution unscaling test
Traceback (most recent call last):
  File "C:\Development\Projects\TrajectoLab_radau\tests\test_scale.py", line 538, in run_solution_unscaling_test
    h_data = solution.states[0]
             ^^^^^^^^^^^^^^^
AttributeError: '_Solution' object has no attribute 'states'
2025-05-21 09:39:40 - scaling_verifier - INFO - Running adaptive mesh scaling test...
2025-05-21 09:39:40 - trajectolab.problem - INFO - Creating problem 'Scaling Verification Problem'
2025-05-21 09:39:40 - trajectolab.scaling - INFO - Scaling system initialized with enabled=True
2025-05-21 09:39:40 - trajectolab.problem - INFO - Scaling initialized with enabled=True
2025-05-21 09:39:40 - trajectolab.scaling - INFO - Scaling enabled set to: True
2025-05-21 09:39:40 - trajectolab.scaling - INFO - Computing scaling factors from problem 'Scaling Verification Problem'
2025-05-21 09:39:40 - trajectolab.scaling - INFO - Computing scaling factors
2025-05-21 09:39:40 - trajectolab.scaling - INFO - Computing state variable scaling factors:
2025-05-21 09:39:40 - trajectolab.scaling - INFO -   State h: Using initial guess for scaling (Rule 2b)
2025-05-21 09:39:40 - trajectolab.scaling - INFO -     Guess range: [80000, 260000]
2025-05-21 09:39:40 - trajectolab.scaling - INFO -     Calculated with 10% margin: factor=4.62963e-06, shift=-0.787037
2025-05-21 09:39:40 - trajectolab.scaling - INFO -     NOTE: Altitude scaling - manual h_scale=1e5, auto=216000
2025-05-21 09:39:40 - trajectolab.scaling - INFO -   State v: Using initial guess for scaling (Rule 2b)
2025-05-21 09:39:40 - trajectolab.scaling - INFO -     Guess range: [2500, 25600]
2025-05-21 09:39:40 - trajectolab.scaling - INFO -     Calculated with 10% margin: factor=3.6075e-05, shift=-0.506854
2025-05-21 09:39:40 - trajectolab.scaling - INFO -     NOTE: Velocity scaling - manual v_scale=1e4, auto=27720
2025-05-21 09:39:40 - trajectolab.scaling - INFO -   State gamma: Using initial guess for scaling (Rule 2b)
2025-05-21 09:39:40 - trajectolab.scaling - INFO -     Guess range: [-0.1, -0.01]
2025-05-21 09:39:40 - trajectolab.scaling - INFO -     Calculated with 10% margin: factor=9.25926, shift=0.509259
2025-05-21 09:39:40 - trajectolab.scaling - INFO - Computing control variable scaling factors:
2025-05-21 09:39:40 - trajectolab.scaling - INFO -   Control u: Using bounds, factor=0.5, shift=0
2025-05-21 09:39:40 - trajectolab.scaling - INFO - Computing scaling factors from problem 'Scaling Verification Problem'
2025-05-21 09:39:40 - trajectolab.scaling - INFO - Computing scaling factors
2025-05-21 09:39:40 - trajectolab.scaling - INFO - Computing state variable scaling factors:
2025-05-21 09:39:40 - trajectolab.scaling - INFO -   State h: Using initial guess for scaling (Rule 2b)
2025-05-21 09:39:40 - trajectolab.scaling - INFO -     Guess range: [80000, 260000]
2025-05-21 09:39:40 - trajectolab.scaling - INFO -     Calculated with 10% margin: factor=4.62963e-06, shift=-0.787037
2025-05-21 09:39:40 - trajectolab.scaling - INFO -     NOTE: Altitude scaling - manual h_scale=1e5, auto=216000
2025-05-21 09:39:40 - trajectolab.scaling - INFO -   State v: Using initial guess for scaling (Rule 2b)
2025-05-21 09:39:40 - trajectolab.scaling - INFO -     Guess range: [2500, 25600]
2025-05-21 09:39:40 - trajectolab.scaling - INFO -     Calculated with 10% margin: factor=3.6075e-05, shift=-0.506854
2025-05-21 09:39:40 - trajectolab.scaling - INFO -     NOTE: Velocity scaling - manual v_scale=1e4, auto=27720
2025-05-21 09:39:40 - trajectolab.scaling - INFO -   State gamma: Using initial guess for scaling (Rule 2b)
2025-05-21 09:39:40 - trajectolab.scaling - INFO -     Guess range: [-0.1, -0.01]
2025-05-21 09:39:40 - trajectolab.scaling - INFO -     Calculated with 10% margin: factor=9.25926, shift=0.509259
2025-05-21 09:39:40 - trajectolab.scaling - INFO - Computing control variable scaling factors:
2025-05-21 09:39:40 - trajectolab.scaling - INFO -   Control u: Using bounds, factor=0.5, shift=0
2025-05-21 09:39:41 - trajectolab.scaling - INFO - Computing scaling factors from problem 'Scaling Verification Problem'
2025-05-21 09:39:41 - trajectolab.scaling - INFO - Computing scaling factors
2025-05-21 09:39:41 - trajectolab.scaling - INFO - Computing state variable scaling factors:
2025-05-21 09:39:41 - trajectolab.scaling - INFO -   State h: Using initial guess for scaling (Rule 2b)
2025-05-21 09:39:41 - trajectolab.scaling - INFO -     Guess range: [80000, 260000]
2025-05-21 09:39:41 - trajectolab.scaling - INFO -     Calculated with 10% margin: factor=4.62963e-06, shift=-0.787037
2025-05-21 09:39:41 - trajectolab.scaling - INFO -     NOTE: Altitude scaling - manual h_scale=1e5, auto=216000
2025-05-21 09:39:41 - trajectolab.scaling - INFO -   State v: Using initial guess for scaling (Rule 2b)
2025-05-21 09:39:41 - trajectolab.scaling - INFO -     Guess range: [2500, 25600]
2025-05-21 09:39:41 - trajectolab.scaling - INFO -     Calculated with 10% margin: factor=3.6075e-05, shift=-0.506854
2025-05-21 09:39:41 - trajectolab.scaling - INFO -     NOTE: Velocity scaling - manual v_scale=1e4, auto=27720
2025-05-21 09:39:41 - trajectolab.scaling - INFO -   State gamma: Using initial guess for scaling (Rule 2b)
2025-05-21 09:39:41 - trajectolab.scaling - INFO -     Guess range: [-0.1, 2.27695]
2025-05-21 09:39:41 - trajectolab.scaling - INFO -     Calculated with 10% margin: factor=0.35059, shift=-0.381608
2025-05-21 09:39:41 - trajectolab.scaling - INFO - Computing control variable scaling factors:
2025-05-21 09:39:41 - trajectolab.scaling - INFO -   Control u: Using bounds, factor=0.5, shift=0
2025-05-21 09:39:41 - trajectolab.scaling - INFO - Updating scaling factors after mesh refinement
2025-05-21 09:39:41 - trajectolab.scaling - INFO - Computing scaling factors
2025-05-21 09:39:41 - trajectolab.scaling - INFO - Computing state variable scaling factors:
2025-05-21 09:39:41 - trajectolab.scaling - INFO -   State h: Using initial guess for scaling (Rule 2b)
2025-05-21 09:39:41 - trajectolab.scaling - INFO -     Guess range: [80000, 260000]
2025-05-21 09:39:41 - trajectolab.scaling - INFO -     Calculated with 10% margin: factor=4.62963e-06, shift=-0.787037
2025-05-21 09:39:41 - trajectolab.scaling - INFO -     NOTE: Altitude scaling - manual h_scale=1e5, auto=216000
2025-05-21 09:39:41 - trajectolab.scaling - INFO -   State v: Using initial guess for scaling (Rule 2b)
2025-05-21 09:39:41 - trajectolab.scaling - INFO -     Guess range: [2500, 25600]
2025-05-21 09:39:41 - trajectolab.scaling - INFO -     Calculated with 10% margin: factor=3.6075e-05, shift=-0.506854
2025-05-21 09:39:41 - trajectolab.scaling - INFO -     NOTE: Velocity scaling - manual v_scale=1e4, auto=27720
2025-05-21 09:39:41 - trajectolab.scaling - INFO -   State gamma: Using initial guess for scaling (Rule 2b)
2025-05-21 09:39:41 - trajectolab.scaling - INFO -     Guess range: [-0.515782, 2.39864]
2025-05-21 09:39:41 - trajectolab.scaling - INFO -     Calculated with 10% margin: factor=0.285934, shift=-0.269187
2025-05-21 09:39:41 - trajectolab.scaling - INFO - Computing control variable scaling factors:
2025-05-21 09:39:41 - trajectolab.scaling - INFO -   Control u: Using bounds, factor=0.5, shift=0
2025-05-21 09:39:41 - trajectolab.scaling - INFO - Scaling factors updated after mesh refinement
2025-05-21 09:39:41 - trajectolab.scaling - INFO - Computing scaling factors from problem 'Scaling Verification Problem'
2025-05-21 09:39:41 - trajectolab.scaling - INFO - Computing scaling factors
2025-05-21 09:39:41 - trajectolab.scaling - INFO - Computing state variable scaling factors:
2025-05-21 09:39:41 - trajectolab.scaling - INFO -   State h: Using initial guess for scaling (Rule 2b)
2025-05-21 09:39:41 - trajectolab.scaling - INFO -     Guess range: [80000, 260000]
2025-05-21 09:39:41 - trajectolab.scaling - INFO -     Calculated with 10% margin: factor=4.62963e-06, shift=-0.787037
2025-05-21 09:39:41 - trajectolab.scaling - INFO -     NOTE: Altitude scaling - manual h_scale=1e5, auto=216000
2025-05-21 09:39:41 - trajectolab.scaling - INFO -   State v: Using initial guess for scaling (Rule 2b)
2025-05-21 09:39:41 - trajectolab.scaling - INFO -     Guess range: [2500, 25600]
2025-05-21 09:39:41 - trajectolab.scaling - INFO -     Calculated with 10% margin: factor=3.6075e-05, shift=-0.506854
2025-05-21 09:39:41 - trajectolab.scaling - INFO -     NOTE: Velocity scaling - manual v_scale=1e4, auto=27720
2025-05-21 09:39:41 - trajectolab.scaling - INFO -   State gamma: Using initial guess for scaling (Rule 2b)
2025-05-21 09:39:41 - trajectolab.scaling - INFO -     Guess range: [-0.1, 3.15134]
2025-05-21 09:39:41 - trajectolab.scaling - INFO -     Calculated with 10% margin: factor=0.256304, shift=-0.391036
2025-05-21 09:39:41 - trajectolab.scaling - INFO - Computing control variable scaling factors:
2025-05-21 09:39:41 - trajectolab.scaling - INFO -   Control u: Using bounds, factor=0.5, shift=0
2025-05-21 09:39:41 - trajectolab.scaling - INFO - Updating scaling factors after mesh refinement
2025-05-21 09:39:41 - trajectolab.scaling - INFO - Computing scaling factors
2025-05-21 09:39:41 - trajectolab.scaling - INFO - Computing state variable scaling factors:
2025-05-21 09:39:41 - trajectolab.scaling - INFO -   State h: Using initial guess for scaling (Rule 2b)
2025-05-21 09:39:41 - trajectolab.scaling - INFO -     Guess range: [80000, 260000]
2025-05-21 09:39:41 - trajectolab.scaling - INFO -     Calculated with 10% margin: factor=4.62963e-06, shift=-0.787037
2025-05-21 09:39:41 - trajectolab.scaling - INFO -     NOTE: Altitude scaling - manual h_scale=1e5, auto=216000
2025-05-21 09:39:41 - trajectolab.scaling - INFO -   State v: Using initial guess for scaling (Rule 2b)
2025-05-21 09:39:41 - trajectolab.scaling - INFO -     Guess range: [2500, 25600]
2025-05-21 09:39:41 - trajectolab.scaling - INFO -     Calculated with 10% margin: factor=3.6075e-05, shift=-0.506854
2025-05-21 09:39:41 - trajectolab.scaling - INFO -     NOTE: Velocity scaling - manual v_scale=1e4, auto=27720
2025-05-21 09:39:41 - trajectolab.scaling - INFO -   State gamma: Using initial guess for scaling (Rule 2b)
2025-05-21 09:39:41 - trajectolab.scaling - INFO -     Guess range: [-0.1, 3.38261]
2025-05-21 09:39:41 - trajectolab.scaling - INFO -     Calculated with 10% margin: factor=0.239284, shift=-0.392738
2025-05-21 09:39:41 - trajectolab.scaling - INFO - Computing control variable scaling factors:
2025-05-21 09:39:41 - trajectolab.scaling - INFO -   Control u: Using bounds, factor=0.5, shift=0
2025-05-21 09:39:41 - trajectolab.scaling - INFO - Scaling factors updated after mesh refinement
2025-05-21 09:39:41 - scaling_verifier - INFO - Test adaptive_mesh_scaling_test: FAILED - Exception: '_Solution' object has no attribute 'states'
2025-05-21 09:39:41 - scaling_verifier - ERROR - Exception in adaptive mesh scaling test
Traceback (most recent call last):
  File "C:\Development\Projects\TrajectoLab_radau\tests\test_scale.py", line 672, in run_adaptive_mesh_scaling_test
    h_data = solution.states[0]
             ^^^^^^^^^^^^^^^
AttributeError: '_Solution' object has no attribute 'states'
2025-05-21 09:39:41 - scaling_verifier - INFO - All tests completed: FAILED
2025-05-21 09:39:41 - scaling_verifier - INFO - Detailed results written to: C:\Development\Projects\TrajectoLab_radau\scaling_logs\scaling_verification_results_20250521_093939.txt
